0 info it worked if it ends with ok
1 verbose cli [ '/Users/fmsurvivor/.nodebrew/node/v6.2.0/bin/node',
1 verbose cli   '/Users/fmsurvivor/.nodebrew/current/bin/npm',
1 verbose cli   'start',
1 verbose cli   'md2re' ]
2 info using npm@3.8.9
3 info using node@v6.2.0
4 verbose stack Error: ENOENT: no such file or directory, open '/Users/fmsurvivor/code/proj_ocreilly/20160625_techbook/proj_file/main/package.json'
4 verbose stack     at Error (native)
5 verbose cwd /Users/fmsurvivor/code/proj_ocreilly/20160625_techbook/proj_file/main
6 error Darwin 15.5.0
7 error argv "/Users/fmsurvivor/.nodebrew/node/v6.2.0/bin/node" "/Users/fmsurvivor/.nodebrew/current/bin/npm" "start" "md2re"
8 error node v6.2.0
9 error npm  v3.8.9
10 error path /Users/fmsurvivor/code/proj_ocreilly/20160625_techbook/proj_file/main/package.json
11 error code ENOENT
12 error errno -2
13 error syscall open
14 error enoent ENOENT: no such file or directory, open '/Users/fmsurvivor/code/proj_ocreilly/20160625_techbook/proj_file/main/package.json'
15 error enoent ENOENT: no such file or directory, open '/Users/fmsurvivor/code/proj_ocreilly/20160625_techbook/proj_file/main/package.json'
15 error enoent This is most likely not a problem with npm itself
15 error enoent and is related to npm not being able to find a file.
16 verbose exit [ -2, true ]
